00000000 00004700 ldc N
00000001 00000004 ldnl 0
00000002 FFFFFF01 adc -1
00000003 00003D0F brz done
00000004 00003C10 brlz done
00000005 00000000 ldc 0
00000006 00004200 ldc var_swapped
00000007 00000005 stnl 0
00000008 00004800 ldc array
00000009 00004300 ldc var_ptr
0000000A 00000005 stnl 0
0000000B 00004700 ldc N
0000000C 00000004 ldnl 0
0000000D FFFFFF01 adc -1
0000000E 00004400 ldc var_count
0000000F 00000005 stnl 0
00000010 00004300 ldc var_ptr
00000011 00000004 ldnl 0
00000012 00000004 ldnl 0
00000013 00004500 ldc val1
00000014 00000005 stnl 0
00000015 00004300 ldc var_ptr
00000016 00000004 ldnl 0
00000017 00000104 ldnl 1
00000018 00004600 ldc val2
00000019 00000005 stnl 0
0000001A 00004500 ldc val1
0000001B 00000004 ldnl 0
0000001C 00004600 ldc val2
0000001D 00000004 ldnl 0
0000001E 00000007 sub
0000001F 00000E10 brlz no_swap
00000020 00000D0F brz no_swap
00000021 00004600 ldc val2
00000022 00000004 ldnl 0
00000023 00004300 ldc var_ptr
00000024 00000004 ldnl 0
00000025 00000005 stnl 0
00000026 00004500 ldc val1
00000027 00000004 ldnl 0
00000028 00004300 ldc var_ptr
00000029 00000004 ldnl 0
0000002A 00000105 stnl 1
0000002B 00000100 ldc 1
0000002C 00004200 ldc var_swapped
0000002D 00000005 stnl 0
0000002E 00004300 ldc var_ptr
0000002F 00000004 ldnl 0
00000030 00000101 adc 1
00000031 00004300 ldc var_ptr
00000032 00000005 stnl 0
00000033 00004400 ldc var_count
00000034 00000004 ldnl 0
00000035 FFFFFF01 adc -1
00000036 00004400 ldc var_count
00000037 00000005 stnl 0
00000038 00004400 ldc var_count
00000039 00000004 ldnl 0
0000003A 0000020F brz end_inner
0000003B 00000110 brlz end_inner
0000003C FFFFD311 br inner_loop
0000003D 00004200 ldc var_swapped
0000003E 00000004 ldnl 0
0000003F 0000010F brz done
00000040 FFFFC411 br sort_start
00000041 00000012 HALT
00000042 00000000 data 0
00000043 00000000 data 0
00000044 00000000 data 0
00000045 00000000 data 0
00000046 00000000 data 0
00000047 00000006 data 6
00000048 0000002A data 42
00000049 0000000F data 15
0000004A 00000008 data 8
0000004B 00000063 data 99
0000004C 00000017 data 23
0000004D 00000004 data 4
